Arguments: 
  C:\Program Files\nodejs\node.exe C:\Program Files (x86)\Yarn\bin\yarn.js add

PATH: 
  C:\Windows\system32;C:\Windows;C:\Windows\System32\Wbem;C:\Windows\System32\WindowsPowerShell\v1.0\;C:\Windows\System32\OpenSSH\;C:\Program Files\Intel\WiFi\bin\;C:\Program Files\Common Files\Intel\WirelessCommon\;C:\Program Files\nodejs\;C:\Program Files\Java\jdk-11.0.2\bin;C:\Program Files\Git\cmd;C:\Program Files (x86)\Yarn\bin\;C:\Users\sushi\AppData\Local\Microsoft\WindowsApps;C:\Program Files\Intel\WiFi\bin\;C:\Program Files\Common Files\Intel\WirelessCommon\;C:\Users\sushi\AppData\Roaming\npm;C:\Users\sushi\AppData\Local\Programs\Microsoft VS Code\bin;C:\Users\sushi\AppData\Local\Yarn\bin

Yarn version: 
  1.17.3

Node version: 
  10.15.1

Platform: 
  win32 x64

Trace: 
  SyntaxError: C:\Users\sushi\code\react-redux-crud\package.json: Unexpected token } in JSON at position 520
      at JSON.parse (<anonymous>)
      at C:\Program Files (x86)\Yarn\lib\cli.js:1625:59
      at Generator.next (<anonymous>)
      at step (C:\Program Files (x86)\Yarn\lib\cli.js:304:30)
      at C:\Program Files (x86)\Yarn\lib\cli.js:315:13

npm manifest: 
  {
    "name": "react-redux-crud",
    "version": "1.0.0",
    "description": "",
    "main": "index.js",
    "scripts": {
      "start": "react-scripts start",
      "build": "react-scripts build",
      "eject": "react-scripts eject",
      "test": "react-scripts test --env=node"
    },
    "author": "",
    "license": "ISC",
    "dependencies": {
      "prop-types": "^15.7.2",
      "react": "^16.9.0",
      "react-dom": "^16.9.0",
      "react-redux": "^7.1.0",
      "redux": "^4.0.4"
    },
    "devDependencies": {
      "react-scripts": "^3.1.1"
    },
  }

yarn manifest: 
  No manifest

Lockfile: 
  No lockfile
